<?xml version="1.0" encoding="UTF-8"?>
<con:soapui-project activeEnvironment="Default" name="x" resourceRoot="" soapui-version="4.5.0-Beta 2" abortOnError="false" runType="SEQUENTIAL" xmlns:con="http://eviware.com/soapui/config"><con:settings/><con:interface xsi:type="con:WsdlInterface" wsaVersion="NONE" name="IProcessOrderServiceSoapBinding" type="wsdl" bindingName="{http://orders.se.mulesoft.com/}IProcessOrderServiceSoapBinding" soapVersion="1_1" anonymous="optional" definition="http://localhost:1080/orders?wsdl" xmlns:xsi="http://www.w3.org/2001/XMLSchema-instance"><con:settings/><con:definitionCache type="TEXT" rootPart="http://localhost:1080/orders?wsdl"><con:part><con:url>http://localhost:1080/orders?wsdl</con:url><con:content><![CDATA[<wsdl:definitions name="IProcessOrderService" targetNamespace="http://orders.se.mulesoft.com/" xmlns:ns1="http://schemas.xmlsoap.org/soap/http" xmlns:soap="http://schemas.xmlsoap.org/wsdl/soap/" xmlns:tns="http://orders.se.mulesoft.com/" xmlns:wsdl="http://schemas.xmlsoap.org/wsdl/" xmlns:xsd="http://www.w3.org/2001/XMLSchema">
  <wsdl:types>
    <xs:schema elementFormDefault="unqualified" targetNamespace="http://orders.se.mulesoft.com/" version="1.0" xmlns:xs="http://www.w3.org/2001/XMLSchema">
      <xs:element name="order" type="tns:order"/>
      <xs:element name="orderItem" type="tns:orderItem"/>
      <xs:element name="processOrder" type="tns:processOrder"/>
      <xs:element name="processOrderResponse" type="tns:processOrderResponse"/>
      <xs:element name="purchaseReceipt" type="tns:purchaseReceipt"/>
      <xs:complexType name="processOrder">
        <xs:sequence>
          <xs:element minOccurs="0" name="order" type="tns:order"/>
        </xs:sequence>
      </xs:complexType>
      <xs:complexType name="order">
        <xs:sequence>
          <xs:element minOccurs="0" name="orderId" type="xs:string"/>
          <xs:element minOccurs="0" name="customer" type="tns:orderPerson"/>
          <xs:element maxOccurs="unbounded" minOccurs="0" name="item" type="tns:orderItem"/>
        </xs:sequence>
      </xs:complexType>
      <xs:complexType name="orderPerson">
        <xs:sequence>
          <xs:element minOccurs="0" name="address" type="xs:string"/>
          <xs:element minOccurs="0" name="firstName" type="xs:string"/>
          <xs:element minOccurs="0" name="lastName" type="xs:string"/>
        </xs:sequence>
      </xs:complexType>
      <xs:complexType name="orderItem">
        <xs:sequence>
          <xs:element minOccurs="0" name="receipt" type="tns:purchaseReceipt"/>
          <xs:element minOccurs="0" name="manufacturer" type="xs:string"/>
          <xs:element minOccurs="0" name="name" type="xs:string"/>
          <xs:element minOccurs="0" name="productId" type="xs:string"/>
          <xs:element name="quantity" type="xs:int"/>
        </xs:sequence>
      </xs:complexType>
      <xs:complexType name="purchaseReceipt">
        <xs:sequence>
          <xs:element minOccurs="0" name="id" type="xs:string"/>
          <xs:element minOccurs="0" name="status" type="tns:status"/>
          <xs:element name="totalPrice" type="xs:float"/>
        </xs:sequence>
      </xs:complexType>
      <xs:complexType name="processOrderResponse">
        <xs:sequence>
          <xs:element minOccurs="0" name="summary" type="tns:order"/>
        </xs:sequence>
      </xs:complexType>
      <xs:simpleType name="status">
        <xs:restriction base="xs:string">
          <xs:enumeration value="OK"/>
          <xs:enumeration value="FAIL"/>
        </xs:restriction>
      </xs:simpleType>
    </xs:schema>
  </wsdl:types>
  <wsdl:message name="processOrderResponse">
    <wsdl:part element="tns:processOrderResponse" name="parameters"></wsdl:part>
  </wsdl:message>
  <wsdl:message name="processOrder">
    <wsdl:part element="tns:processOrder" name="parameters"></wsdl:part>
  </wsdl:message>
  <wsdl:portType name="IProcessOrder">
    <wsdl:operation name="processOrder">
      <wsdl:input message="tns:processOrder" name="processOrder"></wsdl:input>
      <wsdl:output message="tns:processOrderResponse" name="processOrderResponse"></wsdl:output>
    </wsdl:operation>
  </wsdl:portType>
  <wsdl:binding name="IProcessOrderServiceSoapBinding" type="tns:IProcessOrder">
    <soap:binding style="document" transport="http://schemas.xmlsoap.org/soap/http"/>
    <wsdl:operation name="processOrder">
      <soap:operation soapAction="" style="document"/>
      <wsdl:input name="processOrder">
        <soap:body use="literal"/>
      </wsdl:input>
      <wsdl:output name="processOrderResponse">
        <soap:body use="literal"/>
      </wsdl:output>
    </wsdl:operation>
  </wsdl:binding>
  <wsdl:service name="IProcessOrderService">
    <wsdl:port binding="tns:IProcessOrderServiceSoapBinding" name="IProcessOrderPort">
      <soap:address location="http://localhost:1080/orders"/>
    </wsdl:port>
  </wsdl:service>
</wsdl:definitions>]]></con:content><con:type>http://schemas.xmlsoap.org/wsdl/</con:type></con:part></con:definitionCache><con:endpoints><con:endpoint>http://localhost:1080/orders</con:endpoint></con:endpoints><con:operation isOneWay="false" action="" name="processOrder" bindingOperationName="processOrder" type="Request-Response" outputName="processOrderResponse" inputName="processOrder" receivesAttachments="false" sendsAttachments="false" anonymous="optional"><con:settings/><con:call name="Request 1"><con:settings><con:setting id="com.eviware.soapui.impl.wsdl.WsdlRequest@request-headers">&lt;xml-fragment/></con:setting></con:settings><con:encoding>UTF-8</con:encoding><con:endpoint>http://localhost:1080/orders</con:endpoint><con:request><![CDATA[<soapenv:Envelope xmlns:soapenv="http://schemas.xmlsoap.org/soap/envelope/" xmlns:ord="http://orders.se.mulesoft.com/">
   <soapenv:Header/>
   <soapenv:Body>
      <ord:processOrder>
         <order>
            <orderId>12</orderId>
            <customer>
               <address>x</address>
               <firstName>x</firstName>
               <lastName>?</lastName>
            </customer>
            <item>
               <manufacturer>Philips</manufacturer>
               <name>n-1</name>
               <productId>33333</productId>
               <quantity>4</quantity>
            </item>

         </order>
      </ord:processOrder>
   </soapenv:Body>
</soapenv:Envelope>]]></con:request><con:jmsConfig JMSDeliveryMode="PERSISTENT"/><con:jmsPropertyConfig/><con:wsaConfig mustUnderstand="NONE" version="200508" action="http://orders.se.mulesoft.com/IProcessOrder/processOrder"/><con:wsrmConfig version="1.2"/></con:call></con:operation></con:interface><con:interface xsi:type="con:WsdlInterface" wsaVersion="NONE" name="SamsungServiceServiceSoapBinding" type="wsdl" bindingName="{http://samsung.se.mulesoft.com/}SamsungServiceServiceSoapBinding" soapVersion="1_1" anonymous="optional" definition="http://localhost:9090/samsung/orders?wsdl" xmlns:xsi="http://www.w3.org/2001/XMLSchema-instance"><con:settings/><con:definitionCache type="TEXT" rootPart="http://localhost:9090/samsung/orders?wsdl"><con:part><con:url>http://localhost:9090/samsung/orders?wsdl</con:url><con:content><![CDATA[<wsdl:definitions name="SamsungServiceService" targetNamespace="http://samsung.se.mulesoft.com/" xmlns:ns1="http://schemas.xmlsoap.org/soap/http" xmlns:soap="http://schemas.xmlsoap.org/wsdl/soap/" xmlns:tns="http://samsung.se.mulesoft.com/" xmlns:wsdl="http://schemas.xmlsoap.org/wsdl/" xmlns:xsd="http://www.w3.org/2001/XMLSchema">
  <wsdl:types>
    <xs:schema elementFormDefault="unqualified" targetNamespace="http://samsung.se.mulesoft.com/" version="1.0" xmlns:xs="http://www.w3.org/2001/XMLSchema">
      <xs:element name="orderRequest" type="tns:orderRequest"/>
      <xs:element name="orderResponse" type="tns:orderResponse"/>
      <xs:element name="purchase" type="tns:purchase"/>
      <xs:element name="purchaseResponse" type="tns:purchaseResponse"/>
      <xs:complexType name="purchase">
        <xs:sequence>
          <xs:element minOccurs="0" name="orderRequest" type="tns:orderRequest"/>
        </xs:sequence>
      </xs:complexType>
      <xs:complexType name="orderRequest">
        <xs:sequence>
          <xs:element minOccurs="0" name="name" type="xs:string"/>
          <xs:element name="quantity" type="xs:int"/>
        </xs:sequence>
      </xs:complexType>
      <xs:complexType name="purchaseResponse">
        <xs:sequence>
          <xs:element minOccurs="0" name="orderResponse" type="tns:orderResponse"/>
        </xs:sequence>
      </xs:complexType>
      <xs:complexType name="orderResponse">
        <xs:sequence>
          <xs:element minOccurs="0" name="id" type="xs:string"/>
          <xs:element minOccurs="0" name="result" type="xs:string"/>
          <xs:element minOccurs="0" name="price" type="xs:string"/>
        </xs:sequence>
      </xs:complexType>
    </xs:schema>
  </wsdl:types>
  <wsdl:message name="purchase">
    <wsdl:part element="tns:purchase" name="parameters"></wsdl:part>
  </wsdl:message>
  <wsdl:message name="purchaseResponse">
    <wsdl:part element="tns:purchaseResponse" name="parameters"></wsdl:part>
  </wsdl:message>
  <wsdl:portType name="SamsungService">
    <wsdl:operation name="purchase">
      <wsdl:input message="tns:purchase" name="purchase"></wsdl:input>
      <wsdl:output message="tns:purchaseResponse" name="purchaseResponse"></wsdl:output>
    </wsdl:operation>
  </wsdl:portType>
  <wsdl:binding name="SamsungServiceServiceSoapBinding" type="tns:SamsungService">
    <soap:binding style="document" transport="http://schemas.xmlsoap.org/soap/http"/>
    <wsdl:operation name="purchase">
      <soap:operation soapAction="" style="document"/>
      <wsdl:input name="purchase">
        <soap:body use="literal"/>
      </wsdl:input>
      <wsdl:output name="purchaseResponse">
        <soap:body use="literal"/>
      </wsdl:output>
    </wsdl:operation>
  </wsdl:binding>
  <wsdl:service name="SamsungServiceService">
    <wsdl:port binding="tns:SamsungServiceServiceSoapBinding" name="SamsungServicePort">
      <soap:address location="http://localhost:9090/samsung/orders"/>
    </wsdl:port>
  </wsdl:service>
</wsdl:definitions>]]></con:content><con:type>http://schemas.xmlsoap.org/wsdl/</con:type></con:part></con:definitionCache><con:endpoints><con:endpoint>http://localhost:9090/samsung/orders</con:endpoint></con:endpoints><con:operation isOneWay="false" action="" name="purchase" bindingOperationName="purchase" type="Request-Response" outputName="purchaseResponse" inputName="purchase" receivesAttachments="false" sendsAttachments="false" anonymous="optional"><con:settings/><con:call name="Request 1"><con:settings><con:setting id="com.eviware.soapui.impl.wsdl.WsdlRequest@request-headers">&lt;xml-fragment/></con:setting></con:settings><con:encoding>UTF-8</con:encoding><con:endpoint>http://localhost:9090/samsung/orders</con:endpoint><con:request><![CDATA[<soapenv:Envelope xmlns:soapenv="http://schemas.xmlsoap.org/soap/envelope/" xmlns:sam="http://samsung.se.mulesoft.com/">
   <soapenv:Header/>
   <soapenv:Body>
      <sam:purchase>
         <!--Optional:-->
         <orderRequest>
            <!--Optional:-->
            <name>Galaxy</name>
            <quantity>2</quantity>
         </orderRequest>
      </sam:purchase>
   </soapenv:Body>
</soapenv:Envelope>]]></con:request><con:jmsConfig JMSDeliveryMode="PERSISTENT"/><con:jmsPropertyConfig/><con:wsaConfig mustUnderstand="NONE" version="200508" action="http://samsung.se.mulesoft.com/SamsungService/purchase"/><con:wsrmConfig version="1.2"/></con:call></con:operation></con:interface><con:properties/><con:wssContainer/><con:sensitiveInformation/></con:soapui-project>